<?xml version="1.0" encoding="UTF-8"?>
<!-- Generated by org.testng.reporters.JUnitReportReporter -->
<testsuite hostname="SOUL-ERP01" failures="0" tests="5" name="com.maven_testing.test.ExaminationTest" time="67.806" errors="0" timestamp="2023-01-12T17:31:45 IST" skipped="2">
  <testcase classname="com.maven_testing.test.ExaminationTest" name="loginMethod" time="0.796"/>
  <system-out/>
  <testcase classname="com.maven_testing.test.ExaminationTest" name="menuClick" time="3.297"/>
  <system-out/>
  <testcase classname="com.maven_testing.test.ExaminationTest" name="finalResultDeclarationTool" time="63.713"/>
  <system-out/>
  <testcase classname="com.maven_testing.test.ExaminationTest" name="declareExamination">
    <skipped/>
  </testcase> <!-- declareExamination -->
  <system-out/>
  <testcase classname="com.maven_testing.test.ExaminationTest" name="criteriaWiseEvaluationToolExam">
    <skipped/>
  </testcase> <!-- criteriaWiseEvaluationToolExam -->
  <system-out/>
</testsuite> <!-- com.maven_testing.test.ExaminationTest -->
