<?xml version="1.0" encoding="UTF-8"?>
<!-- Generated by org.testng.reporters.JUnitReportReporter -->
<testsuite hostname="SOUL-ERP01" failures="0" tests="3" name="com.maven_testing.test.Fees.FeeStructureTest" time="23.354" errors="0" timestamp="2023-03-30T12:26:45 IST" skipped="0">
  <testcase classname="com.maven_testing.test.Fees.FeeStructureTest" name="loginMethod" time="0.824"/>
  <system-out/>
  <testcase classname="com.maven_testing.test.Fees.FeeStructureTest" name="getMenuPage" time="7.158"/>
  <system-out/>
  <testcase classname="com.maven_testing.test.Fees.FeeStructureTest" name="addFeeStructure" time="15.372"/>
  <system-out/>
</testsuite> <!-- com.maven_testing.test.Fees.FeeStructureTest -->
