<?xml version="1.0" encoding="UTF-8"?>
<!-- Generated by org.testng.reporters.JUnitReportReporter -->
<testsuite hostname="SOUL-ERP01" failures="0" tests="6" name="com.maven_testing.test.StudentTest" time="41.000" errors="0" timestamp="2023-03-01T17:36:21 IST" skipped="1">
  <testcase classname="com.maven_testing.test.StudentTest" name="loginMethod" time="0.831"/>
  <system-out/>
  <testcase classname="com.maven_testing.test.StudentTest" name="getMenu" time="17.135"/>
  <system-out/>
  <testcase classname="com.maven_testing.test.StudentTest" name="getStudentPage" time="0.564"/>
  <system-out/>
  <testcase classname="com.maven_testing.test.StudentTest" name="validRegistrationTest" time="8.420"/>
  <system-out/>
  <testcase classname="com.maven_testing.test.StudentTest" name="programEnrollment" time="14.050"/>
  <system-out/>
  <testcase classname="com.maven_testing.test.StudentTest" name="getStudent">
    <skipped/>
  </testcase> <!-- getStudent -->
  <system-out/>
</testsuite> <!-- com.maven_testing.test.StudentTest -->
