<?xml version="1.0" encoding="UTF-8"?>
<!-- Generated by org.testng.reporters.JUnitReportReporter -->
<testsuite hostname="SOUL-ERP01" failures="0" tests="3" name="com.maven_testing.test.DemoTest" time="5.551" errors="0" timestamp="2023-03-21T15:38:07 IST" skipped="0">
  <testcase classname="com.maven_testing.test.DemoTest" name="loginMethod" time="0.715"/>
  <system-out/>
  <testcase classname="com.maven_testing.test.DemoTest" name="getMenuPage" time="4.274"/>
  <system-out/>
  <testcase classname="com.maven_testing.test.DemoTest" name="getStudentPage" time="0.562"/>
  <system-out/>
</testsuite> <!-- com.maven_testing.test.DemoTest -->
