<?xml version="1.0" encoding="UTF-8"?>
<!-- Generated by org.testng.reporters.JUnitReportReporter -->
<testsuite hostname="SOUL-ERP01" failures="0" tests="3" name="com.maven_testing.test.ProgramTest" time="7.185" errors="0" timestamp="2023-01-13T17:11:53 IST" skipped="0">
  <testcase classname="com.maven_testing.test.ProgramTest" name="loginMethod" time="0.731"/>
  <system-out/>
  <testcase classname="com.maven_testing.test.ProgramTest" name="getProgram" time="3.220"/>
  <system-out/>
  <testcase classname="com.maven_testing.test.ProgramTest" name="addProgram" time="3.234"/>
  <system-out/>
</testsuite> <!-- com.maven_testing.test.ProgramTest -->
