<?xml version="1.0" encoding="UTF-8"?>
<!-- Generated by org.testng.reporters.JUnitReportReporter -->
<testsuite hostname="SOUL-ERP01" failures="0" tests="3" name="com.maven_testing.test.Examination.ProvisionalCertificateTest" time="11.112" errors="0" timestamp="2023-04-11T16:34:33 IST" skipped="0">
  <testcase classname="com.maven_testing.test.Examination.ProvisionalCertificateTest" name="loginMethod" time="0.903"/>
  <system-out/>
  <testcase classname="com.maven_testing.test.Examination.ProvisionalCertificateTest" name="getMenuPage" time="4.636"/>
  <system-out/>
  <testcase classname="com.maven_testing.test.Examination.ProvisionalCertificateTest" name="examApplication" time="5.573"/>
  <system-out/>
</testsuite> <!-- com.maven_testing.test.Examination.ProvisionalCertificateTest -->
