<?xml version="1.0" encoding="UTF-8"?>
<!-- Generated by org.testng.reporters.JUnitReportReporter -->
<testsuite hostname="SOUL-ERP01" failures="0" tests="2" name="com.maven_testing.test.SearchStudentTest" time="10.712" errors="0" timestamp="2023-03-28T14:31:38 IST" skipped="0">
  <testcase classname="com.maven_testing.test.SearchStudentTest" name="loginMethod" time="0.717"/>
  <system-out/>
  <testcase classname="com.maven_testing.test.SearchStudentTest" name="searchStudent" time="9.995"/>
  <system-out/>
</testsuite> <!-- com.maven_testing.test.SearchStudentTest -->
