<?xml version="1.0" encoding="UTF-8"?>
<!-- Generated by org.testng.reporters.JUnitReportReporter -->
<testsuite hostname="SOUL-ERP01" failures="0" tests="3" name="com.maven_testing.test.GetProgramTest" time="14.330" errors="0" timestamp="2023-02-27T16:50:14 IST" skipped="0">
  <testcase classname="com.maven_testing.test.GetProgramTest" name="loginMethod" time="5.215"/>
  <system-out/>
  <testcase classname="com.maven_testing.test.GetProgramTest" name="getMenu" time="8.546"/>
  <system-out/>
  <testcase classname="com.maven_testing.test.GetProgramTest" name="getProgram" time="0.569"/>
  <system-out/>
</testsuite> <!-- com.maven_testing.test.GetProgramTest -->
