<?xml version="1.0" encoding="UTF-8"?>
<!-- Generated by org.testng.reporters.JUnitReportReporter -->
<testsuite hostname="SOUL-ERP01" failures="0" tests="3" name="com.maven_testing.test.Admission.StudentAdmissionTest" time="16.575" errors="0" timestamp="2023-03-30T15:23:27 IST" skipped="0">
  <testcase classname="com.maven_testing.test.Admission.StudentAdmissionTest" name="loginMethod" time="0.824"/>
  <system-out/>
  <testcase classname="com.maven_testing.test.Admission.StudentAdmissionTest" name="getMenuPage" time="4.391"/>
  <system-out/>
  <testcase classname="com.maven_testing.test.Admission.StudentAdmissionTest" name="addStudentAdmission" time="11.360"/>
  <system-out/>
</testsuite> <!-- com.maven_testing.test.Admission.StudentAdmissionTest -->
