<?xml version="1.0" encoding="UTF-8"?>
<!-- Generated by org.testng.reporters.JUnitReportReporter -->
<testsuite hostname="SOUL-ERP01" failures="0" tests="3" name="com.maven_testing.test.Examination.ConductCertificateTest" time="14.143" errors="0" timestamp="2023-04-11T16:25:31 IST" skipped="0">
  <testcase classname="com.maven_testing.test.Examination.ConductCertificateTest" name="loginMethod" time="0.856"/>
  <system-out/>
  <testcase classname="com.maven_testing.test.Examination.ConductCertificateTest" name="getMenuPage" time="3.929"/>
  <system-out/>
  <testcase classname="com.maven_testing.test.Examination.ConductCertificateTest" name="addConductCertificate" time="9.358"/>
  <system-out/>
</testsuite> <!-- com.maven_testing.test.Examination.ConductCertificateTest -->
