<?xml version="1.0" encoding="UTF-8"?>
<!-- Generated by org.testng.reporters.JUnitReportReporter -->
<testsuite hostname="SOUL-ERP01" failures="0" tests="3" name="com.maven_testing.test.CourseEnrollmentTest" time="16.002" errors="0" timestamp="2023-03-28T13:23:17 IST" skipped="0">
  <testcase classname="com.maven_testing.test.CourseEnrollmentTest" name="loginMethod" time="0.827"/>
  <system-out/>
  <testcase classname="com.maven_testing.test.CourseEnrollmentTest" name="getCourseEnrollmentPage" time="8.274"/>
  <system-out/>
  <testcase classname="com.maven_testing.test.CourseEnrollmentTest" name="addCourseEnrollment" time="6.901"/>
  <system-out/>
</testsuite> <!-- com.maven_testing.test.CourseEnrollmentTest -->
