<?xml version="1.0" encoding="UTF-8"?>
<!-- Generated by org.testng.reporters.JUnitReportReporter -->
<testsuite hostname="SOUL-ERP01" failures="0" tests="3" name="com.maven_testing.test.CourseTest" time="6.320" errors="0" timestamp="2023-01-13T15:39:03 IST" skipped="0">
  <testcase classname="com.maven_testing.test.CourseTest" name="loginMethod" time="0.717"/>
  <system-out/>
  <testcase classname="com.maven_testing.test.CourseTest" name="getCoursePage" time="3.324"/>
  <system-out/>
  <testcase classname="com.maven_testing.test.CourseTest" name="addCoursePage" time="2.279"/>
  <system-out/>
</testsuite> <!-- com.maven_testing.test.CourseTest -->
