<?xml version="1.0" encoding="UTF-8"?>
<!-- Generated by org.testng.reporters.JUnitReportReporter -->
<testsuite hostname="SOUL-ERP01" failures="0" tests="3" name="com.maven_testing.test.Examination.StudentAdmitCardTest" time="7.246" errors="0" timestamp="2023-04-11T16:24:18 IST" skipped="0">
  <testcase classname="com.maven_testing.test.Examination.StudentAdmitCardTest" name="loginMethod" time="0.876"/>
  <system-out/>
  <testcase classname="com.maven_testing.test.Examination.StudentAdmitCardTest" name="getMenuPage" time="3.909"/>
  <system-out/>
  <testcase classname="com.maven_testing.test.Examination.StudentAdmitCardTest" name="examApplication" time="2.461"/>
  <system-out/>
</testsuite> <!-- com.maven_testing.test.Examination.StudentAdmitCardTest -->
