<?xml version="1.0" encoding="UTF-8"?>
<!-- Generated by org.testng.reporters.JUnitReportReporter -->
<testsuite hostname="SOUL-ERP01" failures="0" tests="3" name="com.maven_testing.test.Examination.CriteriawiseEvaluationTest" time="135.288" errors="0" timestamp="2023-03-27T15:17:13 IST" skipped="0">
  <testcase classname="com.maven_testing.test.Examination.CriteriawiseEvaluationTest" name="loginMethod" time="0.816"/>
  <system-out/>
  <testcase classname="com.maven_testing.test.Examination.CriteriawiseEvaluationTest" name="getMenuPage" time="4.281"/>
  <system-out/>
  <testcase classname="com.maven_testing.test.Examination.CriteriawiseEvaluationTest" name="examApplication" time="130.191"/>
  <system-out/>
</testsuite> <!-- com.maven_testing.test.Examination.CriteriawiseEvaluationTest -->
