<?xml version="1.0" encoding="UTF-8"?>
<!-- Generated by org.testng.reporters.JUnitReportReporter -->
<testsuite hostname="SOUL-ERP01" failures="0" tests="2" name="com.maven_testing.test.SearchStudentTest" time="4.613" errors="0" timestamp="2023-01-13T13:56:05 IST" skipped="0">
  <testcase classname="com.maven_testing.test.SearchStudentTest" name="loginMethod" time="0.717"/>
  <system-out/>
  <testcase classname="com.maven_testing.test.SearchStudentTest" name="searchStudent" time="3.896"/>
  <system-out/>
</testsuite> <!-- com.maven_testing.test.SearchStudentTest -->
