<?xml version="1.0" encoding="UTF-8"?>
<!-- Generated by org.testng.reporters.JUnitReportReporter -->
<testsuite hostname="SOUL-ERP01" failures="0" tests="3" name="com.maven_testing.test.Examination.CumulativeMarksheetToolTest" time="17.165" errors="0" timestamp="2023-04-11T17:51:22 IST" skipped="0">
  <testcase classname="com.maven_testing.test.Examination.CumulativeMarksheetToolTest" name="loginMethod" time="0.723"/>
  <system-out/>
  <testcase classname="com.maven_testing.test.Examination.CumulativeMarksheetToolTest" name="menuClick" time="6.978"/>
  <system-out/>
  <testcase classname="com.maven_testing.test.Examination.CumulativeMarksheetToolTest" name="cumulativeMarksheetToolClick" time="9.464"/>
  <system-out/>
</testsuite> <!-- com.maven_testing.test.Examination.CumulativeMarksheetToolTest -->
