<?xml version="1.0" encoding="UTF-8"?>
<!-- Generated by org.testng.reporters.JUnitReportReporter -->
<testsuite hostname="SOUL-ERP01" failures="0" tests="3" name="com.maven_testing.test.Fees.FeeCategoryTest" time="6.826" errors="0" timestamp="2023-03-30T11:46:34 IST" skipped="0">
  <testcase classname="com.maven_testing.test.Fees.FeeCategoryTest" name="loginMethod" time="0.835"/>
  <system-out/>
  <testcase classname="com.maven_testing.test.Fees.FeeCategoryTest" name="getMenuPage" time="3.682"/>
  <system-out/>
  <testcase classname="com.maven_testing.test.Fees.FeeCategoryTest" name="addFeeCategory" time="2.309"/>
  <system-out/>
</testsuite> <!-- com.maven_testing.test.Fees.FeeCategoryTest -->
