<?xml version="1.0" encoding="UTF-8"?>
<!-- Generated by org.testng.reporters.JUnitReportReporter -->
<testsuite hostname="SOUL-ERP01" failures="0" tests="3" name="com.maven_testing.test.Academics.CourseScheduleTest" time="11.293" errors="0" timestamp="2023-04-05T15:02:58 IST" skipped="0">
  <testcase classname="com.maven_testing.test.Academics.CourseScheduleTest" name="login" time="0.730"/>
  <system-out/>
  <testcase classname="com.maven_testing.test.Academics.CourseScheduleTest" name="getCourseSchedulePage" time="4.636"/>
  <system-out/>
  <testcase classname="com.maven_testing.test.Academics.CourseScheduleTest" name="addCourseSchedule" time="5.927"/>
  <system-out/>
</testsuite> <!-- com.maven_testing.test.Academics.CourseScheduleTest -->
