<?xml version="1.0" encoding="UTF-8"?>
<!-- Generated by org.testng.reporters.JUnitReportReporter -->
<testsuite hostname="SOUL-ERP01" failures="0" tests="2" name="com.maven_testing.test.SearchStudentTest" time="17.326" errors="0" timestamp="2023-03-02T17:27:21 IST" skipped="0">
  <testcase classname="com.maven_testing.test.SearchStudentTest" name="loginMethod" time="0.714"/>
  <system-out/>
  <testcase classname="com.maven_testing.test.SearchStudentTest" name="searchStudent" time="16.612"/>
  <system-out/>
</testsuite> <!-- com.maven_testing.test.SearchStudentTest -->
