<?xml version="1.0" encoding="UTF-8"?>
<!-- Generated by org.testng.reporters.JUnitReportReporter -->
<testsuite hostname="SOUL-ERP01" failures="0" tests="3" name="com.maven_testing.test.Examination.ConductCertificateTest" time="17.970" errors="0" timestamp="2023-04-14T11:26:21 IST" skipped="0">
  <testcase classname="com.maven_testing.test.Examination.ConductCertificateTest" name="loginMethod" time="0.696"/>
  <system-out/>
  <testcase classname="com.maven_testing.test.Examination.ConductCertificateTest" name="getMenuPage" time="7.085"/>
  <system-out/>
  <testcase classname="com.maven_testing.test.Examination.ConductCertificateTest" name="addConductCertificate" time="10.189"/>
  <system-out/>
</testsuite> <!-- com.maven_testing.test.Examination.ConductCertificateTest -->
