<?xml version="1.0" encoding="UTF-8"?>
<!-- Generated by org.testng.reporters.JUnitReportReporter -->
<testsuite hostname="SOUL-ERP01" failures="0" tests="3" name="com.maven_testing.test.CourseEnrollmentTest" time="10.704" errors="0" timestamp="2023-01-13T15:40:38 IST" skipped="0">
  <testcase classname="com.maven_testing.test.CourseEnrollmentTest" name="loginMethod" time="0.734"/>
  <system-out/>
  <testcase classname="com.maven_testing.test.CourseEnrollmentTest" name="getCourseEnrollmentPage" time="4.144"/>
  <system-out/>
  <testcase classname="com.maven_testing.test.CourseEnrollmentTest" name="addCourseEnrollment" time="5.826"/>
  <system-out/>
</testsuite> <!-- com.maven_testing.test.CourseEnrollmentTest -->
