<?xml version="1.0" encoding="UTF-8"?>
<!-- Generated by org.testng.reporters.JUnitReportReporter -->
<testsuite hostname="SOUL-ERP01" failures="0" tests="12" name="com.maven_testing.test.LoginTest" time="6.983" errors="0" timestamp="2023-01-06T17:20:25 IST" skipped="10">
  <testcase classname="com.maven_testing.test.LoginTest" name="loginMethod" time="0.721"/>
  <system-out/>
  <testcase classname="com.maven_testing.test.LoginTest" name="getStudent" time="6.262"/>
  <system-out/>
  <testcase classname="com.maven_testing.test.LoginTest" name="getFeesPage">
    <skipped/>
  </testcase> <!-- getFeesPage -->
  <system-out/>
  <testcase classname="com.maven_testing.test.LoginTest" name="getStudentPage">
    <skipped/>
  </testcase> <!-- getStudentPage -->
  <system-out/>
  <testcase classname="com.maven_testing.test.LoginTest" name="getProgramPage">
    <skipped/>
  </testcase> <!-- getProgramPage -->
  <system-out/>
  <testcase classname="com.maven_testing.test.LoginTest" name="clickMenu">
    <skipped/>
  </testcase> <!-- clickMenu -->
  <system-out/>
  <testcase classname="com.maven_testing.test.LoginTest" name="getProgramEnrollmentPage">
    <skipped/>
  </testcase> <!-- getProgramEnrollmentPage -->
  <system-out/>
  <testcase classname="com.maven_testing.test.LoginTest" name="validRegistrationTest">
    <skipped/>
  </testcase> <!-- validRegistrationTest -->
  <system-out/>
  <testcase classname="com.maven_testing.test.LoginTest" name="getInstructorPage">
    <skipped/>
  </testcase> <!-- getInstructorPage -->
  <system-out/>
  <testcase classname="com.maven_testing.test.LoginTest" name="getCoursePage">
    <skipped/>
  </testcase> <!-- getCoursePage -->
  <system-out/>
  <testcase classname="com.maven_testing.test.LoginTest" name="getCourseEnrollmentPage">
    <skipped/>
  </testcase> <!-- getCourseEnrollmentPage -->
  <system-out/>
  <testcase classname="com.maven_testing.test.LoginTest" name="getSemesterPage">
    <skipped/>
  </testcase> <!-- getSemesterPage -->
  <system-out/>
</testsuite> <!-- com.maven_testing.test.LoginTest -->
