<?xml version="1.0" encoding="UTF-8"?>
<!-- Generated by org.testng.reporters.JUnitReportReporter -->
<testsuite hostname="SOUL-ERP01" failures="0" tests="3" name="com.maven_testing.test.ExamApplicationTest" time="9.217" errors="0" timestamp="2023-03-21T15:44:33 IST" skipped="0">
  <testcase classname="com.maven_testing.test.ExamApplicationTest" name="loginMethod" time="0.711"/>
  <system-out/>
  <testcase classname="com.maven_testing.test.ExamApplicationTest" name="getMenuPage" time="3.997"/>
  <system-out/>
  <testcase classname="com.maven_testing.test.ExamApplicationTest" name="examApplication" time="4.509"/>
  <system-out/>
</testsuite> <!-- com.maven_testing.test.ExamApplicationTest -->
