<?xml version="1.0" encoding="UTF-8"?>
<!-- Generated by org.testng.reporters.JUnitReportReporter -->
<testsuite hostname="SOUL-ERP01" failures="0" tests="3" name="com.maven_testing.test.ProgramTest" time="8.053" errors="0" timestamp="2023-03-22T15:48:42 IST" skipped="0">
  <testcase classname="com.maven_testing.test.ProgramTest" name="loginMethod" time="0.697"/>
  <system-out/>
  <testcase classname="com.maven_testing.test.ProgramTest" name="getProgram" time="2.945"/>
  <system-out/>
  <testcase classname="com.maven_testing.test.ProgramTest" name="addProgram" time="4.411"/>
  <system-out/>
</testsuite> <!-- com.maven_testing.test.ProgramTest -->
