<?xml version="1.0" encoding="UTF-8"?>
<!-- Generated by org.testng.reporters.JUnitReportReporter -->
<testsuite hostname="SOUL-ERP01" failures="0" tests="1" name="com.maven_testing.test.LoginTest" time="0.829" errors="0" timestamp="2023-03-29T11:42:55 IST" skipped="0">
  <testcase classname="com.maven_testing.test.LoginTest" name="loginMethod" time="0.829"/>
  <system-out/>
</testsuite> <!-- com.maven_testing.test.LoginTest -->
