<?xml version="1.0" encoding="UTF-8"?>
<!-- Generated by org.testng.reporters.JUnitReportReporter -->
<testsuite hostname="SOUL-ERP01" failures="0" tests="3" name="com.maven_testing.test.Examination.CriteriawiseEvaluationTest" time="57.793" errors="0" timestamp="2023-04-11T15:54:16 IST" skipped="0">
  <testcase classname="com.maven_testing.test.Examination.CriteriawiseEvaluationTest" name="loginMethod" time="0.829"/>
  <system-out/>
  <testcase classname="com.maven_testing.test.Examination.CriteriawiseEvaluationTest" name="getMenuPage" time="4.046"/>
  <system-out/>
  <testcase classname="com.maven_testing.test.Examination.CriteriawiseEvaluationTest" name="examApplication" time="52.918"/>
  <system-out/>
</testsuite> <!-- com.maven_testing.test.Examination.CriteriawiseEvaluationTest -->
