<?xml version="1.0" encoding="UTF-8"?>
<!-- Generated by org.testng.reporters.JUnitReportReporter -->
<testsuite hostname="SOUL-ERP01" failures="0" tests="3" name="com.maven_testing.test.CourseEnrollmentTest" time="15.359" errors="0" timestamp="2023-03-02T17:35:34 IST" skipped="0">
  <testcase classname="com.maven_testing.test.CourseEnrollmentTest" name="loginMethod" time="0.721"/>
  <system-out/>
  <testcase classname="com.maven_testing.test.CourseEnrollmentTest" name="getCourseEnrollmentPage" time="7.672"/>
  <system-out/>
  <testcase classname="com.maven_testing.test.CourseEnrollmentTest" name="addCourseEnrollment" time="6.966"/>
  <system-out/>
</testsuite> <!-- com.maven_testing.test.CourseEnrollmentTest -->
