<?xml version="1.0" encoding="UTF-8"?>
<!-- Generated by org.testng.reporters.JUnitReportReporter -->
<testsuite hostname="SOUL-ERP01" failures="0" tests="3" name="com.maven_testing.test.Fees.FeesTest" time="17.945" errors="0" timestamp="2023-03-30T11:43:05 IST" skipped="0">
  <testcase classname="com.maven_testing.test.Fees.FeesTest" name="loginMethod" time="0.877"/>
  <system-out/>
  <testcase classname="com.maven_testing.test.Fees.FeesTest" name="getMenuPage" time="3.726"/>
  <system-out/>
  <testcase classname="com.maven_testing.test.Fees.FeesTest" name="createFees" time="13.342"/>
  <system-out/>
</testsuite> <!-- com.maven_testing.test.Fees.FeesTest -->
