<?xml version="1.0" encoding="UTF-8"?>
<!-- Generated by org.testng.reporters.JUnitReportReporter -->
<testsuite hostname="SOUL-ERP01" failures="0" tests="1" name="com.maven_testing.page.DataDrivenPoc" time="0.593" errors="0" timestamp="2023-03-28T10:38:33 IST" skipped="0">
  <testcase classname="com.maven_testing.page.DataDrivenPoc" name="testLogin" time="0.593"/>
  <system-out/>
</testsuite> <!-- com.maven_testing.page.DataDrivenPoc -->
