<?xml version="1.0" encoding="UTF-8"?>
<!-- Generated by org.testng.reporters.JUnitReportReporter -->
<testsuite hostname="SOUL-ERP01" failures="0" tests="3" name="com.maven_testing.test.Examination.CriteriawiseEvaluationTest" time="44.583" errors="0" timestamp="2023-03-22T18:13:36 IST" skipped="0">
  <testcase classname="com.maven_testing.test.Examination.CriteriawiseEvaluationTest" name="loginMethod" time="0.844"/>
  <system-out/>
  <testcase classname="com.maven_testing.test.Examination.CriteriawiseEvaluationTest" name="getMenuPage" time="4.998"/>
  <system-out/>
  <testcase classname="com.maven_testing.test.Examination.CriteriawiseEvaluationTest" name="examApplication" time="38.741"/>
  <system-out/>
</testsuite> <!-- com.maven_testing.test.Examination.CriteriawiseEvaluationTest -->
