<?xml version="1.0" encoding="UTF-8"?>
<!-- Generated by org.testng.reporters.JUnitReportReporter -->
<testsuite hostname="SOUL-ERP01" failures="0" tests="3" name="com.maven_testing.test.Examination.ConductCertificateTest" time="14.935" errors="0" timestamp="2023-03-29T10:31:38 IST" skipped="0">
  <testcase classname="com.maven_testing.test.Examination.ConductCertificateTest" name="loginMethod" time="0.709"/>
  <system-out/>
  <testcase classname="com.maven_testing.test.Examination.ConductCertificateTest" name="getMenuPage" time="4.781"/>
  <system-out/>
  <testcase classname="com.maven_testing.test.Examination.ConductCertificateTest" name="addConductCertificate" time="9.445"/>
  <system-out/>
</testsuite> <!-- com.maven_testing.test.Examination.ConductCertificateTest -->
